Using pre-set license
Built from '2020.2/release' branch; Version is '2020.2.1f1 (270dd8c3da1c) revision 2559448'; Using compiler version '192528614'; Build Type 'Release'
OS: 'Windows 10  (10.0.0) 64bit' Language: 'en' Physical Memory: 8113 MB
BatchMode: 1, IsHumanControllingUs: 0, StartBugReporterOnCrash: 0, Is64bit: 1, IsPro: 0

 COMMAND LINE ARGUMENTS:
C:\Program Files\Unity\Hub\Editor\2020.2.1f1\Editor\Unity.exe
-adb2
-batchMode
-noUpm
-name
AssetImportWorker3
-projectPath
C:/Users/shiel/Documents/Unity/Stonicorn
-logFile
Logs/AssetImportWorker3.log
-srvPort
61179
Successfully changed project path to: C:/Users/shiel/Documents/Unity/Stonicorn
C:/Users/shiel/Documents/Unity/Stonicorn
Using Asset Import Pipeline V2.
Refreshing native plugins compatible for Editor in 215.04 ms, found 1 plugins.
Preloading 0 native plugins for Editor in 0.00 ms.
Initialize engine version: 2020.2.1f1 (270dd8c3da1c)
[Subsystems] Discovering subsystems at path C:/Program Files/Unity/Hub/Editor/2020.2.1f1/Editor/Data/Resources/UnitySubsystems
[Subsystems] Discovering subsystems at path C:/Users/shiel/Documents/Unity/Stonicorn/Assets
GfxDevice: creating device client; threaded=0
Direct3D:
    Version:  Direct3D 11.0 [level 11.1]
    Renderer: Intel(R) HD Graphics 520 (ID=0x1916)
    Vendor:   
    VRAM:     4056 MB
    Driver:   24.20.100.6299
Initialize mono
Mono path[0] = 'C:/Program Files/Unity/Hub/Editor/2020.2.1f1/Editor/Data/Managed'
Mono path[1] = 'C:/Program Files/Unity/Hub/Editor/2020.2.1f1/Editor/Data/MonoBleedingEdge/lib/mono/unityjit'
Mono config path = 'C:/Program Files/Unity/Hub/Editor/2020.2.1f1/Editor/Data/MonoBleedingEdge/etc'
Using monoOptions --debugger-agent=transport=dt_socket,embedding=1,server=y,suspend=n,address=127.0.0.1:56520
Begin MonoManager ReloadAssembly
Registering precompiled unity dll's ...
Register platform support module: C:/Program Files/Unity/Hub/Editor/2020.2.1f1/Editor/Data/PlaybackEngines/WindowsStandaloneSupport/UnityEditor.WindowsStandalone.Extensions.dll
Registered in 0.004222 seconds.
Native extension for WindowsStandalone target not found
Refreshing native plugins compatible for Editor in 251.37 ms, found 1 plugins.
Preloading 0 native plugins for Editor in 0.00 ms.
Invoked RoslynAnalysisRunner static constructor.
RoslynAnalysisRunner will not be running.
RoslynAnalysisRunner has terminated.
Mono: successfully reloaded assembly
- Completed reload, in  2.873 seconds
Platform modules already initialized, skipping
Registering precompiled user dll's ...
Registered in 0.009487 seconds.
Begin MonoManager ReloadAssembly
Native extension for WindowsStandalone target not found
Refreshing native plugins compatible for Editor in 112.56 ms, found 1 plugins.
Preloading 0 native plugins for Editor in 0.00 ms.
Invoked RoslynAnalysisRunner static constructor.
RoslynAnalysisRunner will not be running.
RoslynAnalysisRunner has terminated.
Mono: successfully reloaded assembly
- Completed reload, in  3.036 seconds
Platform modules already initialized, skipping
========================================================================
Worker process is ready to serve import requests
Launched and connected shader compiler UnityShaderCompiler.exe after 0.12 seconds
Refreshing native plugins compatible for Editor in 0.83 ms, found 1 plugins.
Preloading 0 native plugins for Editor in 0.00 ms.
Unloading 3025 Unused Serialized files (Serialized files now loaded: 0)
System memory in use before: 185.8 MB.
System memory in use after: 186.0 MB.

Unloading 18 unused Assets to reduce memory usage. Loaded Objects now: 3533.
Total: 16.153100 ms (FindLiveObjects: 0.582800 ms CreateObjectMapping: 0.334200 ms MarkObjects: 15.071500 ms  DeleteObjects: 0.149200 ms)

========================================================================
Received Import Request.
  path: Assets/Editor/CustomMenu.cs
  artifactKey: Guid(f224b34d0ec7f4d4d9c4917d56279643) Importer(815301076,1909f56bfc062723c751e8b465ee728b)
Start importing Assets/Editor/CustomMenu.cs using Guid(f224b34d0ec7f4d4d9c4917d56279643) Importer(815301076,1909f56bfc062723c751e8b465ee728b)  -> (artifact id: 'e30720af4b1da756a3c781b1c33903fb') in 0.356490 seconds
  Import took 0.368536 seconds .

========================================================================
Received Import Request.
  Time since last request: 161.191047 seconds.
  path: Assets/Editor/CustomMenu.cs
  artifactKey: Guid(f224b34d0ec7f4d4d9c4917d56279643) Importer(815301076,1909f56bfc062723c751e8b465ee728b)
Start importing Assets/Editor/CustomMenu.cs using Guid(f224b34d0ec7f4d4d9c4917d56279643) Importer(815301076,1909f56bfc062723c751e8b465ee728b)  -> (artifact id: 'ee8cf245337805b48afba749a21b8c50') in 0.152481 seconds
  Import took 0.174307 seconds .

========================================================================
Received Import Request.
  Time since last request: 39.484466 seconds.
  path: Assets/Editor/CustomMenu.cs
  artifactKey: Guid(f224b34d0ec7f4d4d9c4917d56279643) Importer(815301076,1909f56bfc062723c751e8b465ee728b)
Start importing Assets/Editor/CustomMenu.cs using Guid(f224b34d0ec7f4d4d9c4917d56279643) Importer(815301076,1909f56bfc062723c751e8b465ee728b)  -> (artifact id: 'fd4d99908fa387a8e9f7e02597a18bf8') in 0.011522 seconds
  Import took 0.026695 seconds .

========================================================================
Received Prepare
Registering precompiled user dll's ...
Registered in 0.010100 seconds.
Begin MonoManager ReloadAssembly
Native extension for WindowsStandalone target not found
Refreshing native plugins compatible for Editor in 0.98 ms, found 1 plugins.
Preloading 0 native plugins for Editor in 0.00 ms.
Invoked RoslynAnalysisRunner static constructor.
RoslynAnalysisRunner will not be running.
RoslynAnalysisRunner has terminated.
Mono: successfully reloaded assembly
- Completed reload, in  2.549 seconds
Platform modules already initialized, skipping
Refreshing native plugins compatible for Editor in 0.84 ms, found 1 plugins.
Preloading 0 native plugins for Editor in 0.00 ms.
Unloading 2968 Unused Serialized files (Serialized files now loaded: 0)
System memory in use before: 188.9 MB.
System memory in use after: 189.1 MB.

Unloading 13 unused Assets to reduce memory usage. Loaded Objects now: 3535.
Total: 13.605300 ms (FindLiveObjects: 0.413100 ms CreateObjectMapping: 0.209300 ms MarkObjects: 12.870900 ms  DeleteObjects: 0.110300 ms)

