Using pre-set license
Built from '2020.2/release' branch; Version is '2020.2.1f1 (270dd8c3da1c) revision 2559448'; Using compiler version '192528614'; Build Type 'Release'
OS: 'Windows 10  (10.0.0) 64bit' Language: 'en' Physical Memory: 8113 MB
BatchMode: 1, IsHumanControllingUs: 0, StartBugReporterOnCrash: 0, Is64bit: 1, IsPro: 0

 COMMAND LINE ARGUMENTS:
C:\Program Files\Unity\Hub\Editor\2020.2.1f1\Editor\Unity.exe
-adb2
-batchMode
-noUpm
-name
AssetImportWorker1
-projectPath
C:/Users/shiel/Documents/Unity/Stonicorn
-logFile
Logs/AssetImportWorker1.log
-srvPort
58377
Successfully changed project path to: C:/Users/shiel/Documents/Unity/Stonicorn
C:/Users/shiel/Documents/Unity/Stonicorn
Using Asset Import Pipeline V2.
Refreshing native plugins compatible for Editor in 138.15 ms, found 1 plugins.
Preloading 0 native plugins for Editor in 0.00 ms.
Initialize engine version: 2020.2.1f1 (270dd8c3da1c)
[Subsystems] Discovering subsystems at path C:/Program Files/Unity/Hub/Editor/2020.2.1f1/Editor/Data/Resources/UnitySubsystems
[Subsystems] Discovering subsystems at path C:/Users/shiel/Documents/Unity/Stonicorn/Assets
GfxDevice: creating device client; threaded=0
Direct3D:
    Version:  Direct3D 11.0 [level 11.1]
    Renderer: Intel(R) HD Graphics 520 (ID=0x1916)
    Vendor:   
    VRAM:     4056 MB
    Driver:   24.20.100.6299
Initialize mono
Mono path[0] = 'C:/Program Files/Unity/Hub/Editor/2020.2.1f1/Editor/Data/Managed'
Mono path[1] = 'C:/Program Files/Unity/Hub/Editor/2020.2.1f1/Editor/Data/MonoBleedingEdge/lib/mono/unityjit'
Mono config path = 'C:/Program Files/Unity/Hub/Editor/2020.2.1f1/Editor/Data/MonoBleedingEdge/etc'
Using monoOptions --debugger-agent=transport=dt_socket,embedding=1,server=y,suspend=n,address=127.0.0.1:56820
Begin MonoManager ReloadAssembly
Registering precompiled unity dll's ...
Register platform support module: C:/Program Files/Unity/Hub/Editor/2020.2.1f1/Editor/Data/PlaybackEngines/WindowsStandaloneSupport/UnityEditor.WindowsStandalone.Extensions.dll
Registered in 0.002465 seconds.
Native extension for WindowsStandalone target not found
Refreshing native plugins compatible for Editor in 86.99 ms, found 1 plugins.
Preloading 0 native plugins for Editor in 0.00 ms.
Invoked RoslynAnalysisRunner static constructor.
RoslynAnalysisRunner will not be running.
RoslynAnalysisRunner has terminated.
Mono: successfully reloaded assembly
- Completed reload, in  1.976 seconds
Platform modules already initialized, skipping
Registering precompiled user dll's ...
Registered in 0.004027 seconds.
Begin MonoManager ReloadAssembly
Native extension for WindowsStandalone target not found
Refreshing native plugins compatible for Editor in 109.04 ms, found 1 plugins.
Preloading 0 native plugins for Editor in 0.00 ms.
Invoked RoslynAnalysisRunner static constructor.
RoslynAnalysisRunner will not be running.
RoslynAnalysisRunner has terminated.
Mono: successfully reloaded assembly
- Completed reload, in  3.859 seconds
Platform modules already initialized, skipping
========================================================================
Worker process is ready to serve import requests
Launched and connected shader compiler UnityShaderCompiler.exe after 0.12 seconds
Refreshing native plugins compatible for Editor in 1.54 ms, found 1 plugins.
Preloading 0 native plugins for Editor in 0.00 ms.
Unloading 3028 Unused Serialized files (Serialized files now loaded: 0)
System memory in use before: 185.6 MB.
System memory in use after: 185.8 MB.

Unloading 18 unused Assets to reduce memory usage. Loaded Objects now: 3536.
Total: 34.603900 ms (FindLiveObjects: 0.600600 ms CreateObjectMapping: 0.500600 ms MarkObjects: 33.283300 ms  DeleteObjects: 0.216300 ms)

========================================================================
Received Import Request.
  path: Assets/Sprites/Checkpoints/Desert_SaveStone_End.png
  artifactKey: Guid(da561f9dd4ce897449890b0595a7d07f) Importer(815301076,1909f56bfc062723c751e8b465ee728b)
Start importing Assets/Sprites/Checkpoints/Desert_SaveStone_End.png using Guid(da561f9dd4ce897449890b0595a7d07f) Importer(815301076,1909f56bfc062723c751e8b465ee728b)  -> (artifact id: 'c4ea70bd9f071a1122724163d5dd6f4d') in 0.333563 seconds
  Import took 0.346005 seconds .

========================================================================
Received Import Request.
  Time since last request: 0.000322 seconds.
  path: Assets/Sprites/Checkpoints/Cave_SaveStone_Stairs.png
  artifactKey: Guid(a516ca8421764404584a7e4f3a5f4f38) Importer(815301076,1909f56bfc062723c751e8b465ee728b)
Start importing Assets/Sprites/Checkpoints/Cave_SaveStone_Stairs.png using Guid(a516ca8421764404584a7e4f3a5f4f38) Importer(815301076,1909f56bfc062723c751e8b465ee728b)  -> (artifact id: 'a73c1614cefc4aef4e625866872379b5') in 0.158968 seconds
  Import took 0.177958 seconds .

========================================================================
Received Import Request.
  Time since last request: 0.000776 seconds.
  path: Assets/Sprites/Checkpoints/Core_SaveStone.png
  artifactKey: Guid(0ebf3572c717ea6418070089cb0c6457) Importer(815301076,1909f56bfc062723c751e8b465ee728b)
Start importing Assets/Sprites/Checkpoints/Core_SaveStone.png using Guid(0ebf3572c717ea6418070089cb0c6457) Importer(815301076,1909f56bfc062723c751e8b465ee728b)  -> (artifact id: 'a3b0778a476d3b654c59494f1839cbbf') in 0.107402 seconds
  Import took 0.123139 seconds .

========================================================================
Received Import Request.
  Time since last request: 0.000423 seconds.
  path: Assets/Sprites/Checkpoints/Moon_SaveStone.png
  artifactKey: Guid(36726d98fc70d5f42bf5fa89cd62fc27) Importer(815301076,1909f56bfc062723c751e8b465ee728b)
Start importing Assets/Sprites/Checkpoints/Moon_SaveStone.png using Guid(36726d98fc70d5f42bf5fa89cd62fc27) Importer(815301076,1909f56bfc062723c751e8b465ee728b)  -> (artifact id: '1d4ee41e1fd08b24f325454b74449cd7') in 0.074589 seconds
  Import took 0.091468 seconds .

========================================================================
Received Import Request.
  Time since last request: 0.000382 seconds.
  path: Assets/Sprites/Checkpoints/Jungle_SaveStone_Exit.png
  artifactKey: Guid(603f82b741c99344ca41dd7f67e2f36c) Importer(815301076,1909f56bfc062723c751e8b465ee728b)
Start importing Assets/Sprites/Checkpoints/Jungle_SaveStone_Exit.png using Guid(603f82b741c99344ca41dd7f67e2f36c) Importer(815301076,1909f56bfc062723c751e8b465ee728b)  -> (artifact id: 'fe0f5ef83a83f6ab97a1810ab7f660f0') in 0.092102 seconds
  Import took 0.104618 seconds .

========================================================================
Received Import Request.
  Time since last request: 0.001181 seconds.
  path: Assets/Sprites/Checkpoints/Jungle_SaveStone_Entrance.png
  artifactKey: Guid(201477a164be5f14ba55455dfea44c79) Importer(815301076,1909f56bfc062723c751e8b465ee728b)
Start importing Assets/Sprites/Checkpoints/Jungle_SaveStone_Entrance.png using Guid(201477a164be5f14ba55455dfea44c79) Importer(815301076,1909f56bfc062723c751e8b465ee728b)  -> (artifact id: '89c6c88074b1b7267352601e987bf201') in 0.061455 seconds
  Import took 0.072016 seconds .

========================================================================
Received Import Request.
  Time since last request: 0.000329 seconds.
  path: Assets/Sprites/Checkpoints/Cave_SaveStone_Transition.png
  artifactKey: Guid(8fc6ea3cdf41b684abd4c040bca2dcc7) Importer(815301076,1909f56bfc062723c751e8b465ee728b)
Start importing Assets/Sprites/Checkpoints/Cave_SaveStone_Transition.png using Guid(8fc6ea3cdf41b684abd4c040bca2dcc7) Importer(815301076,1909f56bfc062723c751e8b465ee728b)  -> (artifact id: 'ff03c1c215b42efa2b68297efa9f2618') in 0.051002 seconds
  Import took 0.059022 seconds .

========================================================================
Received Import Request.
  Time since last request: 0.000369 seconds.
  path: Assets/Sprites/Checkpoints/Tundra_SaveStone_Mountain.png
  artifactKey: Guid(52f44fa9d11620a46b7c94cd16650aa5) Importer(815301076,1909f56bfc062723c751e8b465ee728b)
Start importing Assets/Sprites/Checkpoints/Tundra_SaveStone_Mountain.png using Guid(52f44fa9d11620a46b7c94cd16650aa5) Importer(815301076,1909f56bfc062723c751e8b465ee728b)  -> (artifact id: 'c1a8e9a74e13a8e468f876cafc1e89e1') in 0.097520 seconds
  Import took 0.112332 seconds .

========================================================================
Received Import Request.
  Time since last request: 0.000351 seconds.
  path: Assets/Sprites/Checkpoints/Cave_SaveStone_Secret.png
  artifactKey: Guid(27130c041674a3a4ea07141bb9199aaf) Importer(815301076,1909f56bfc062723c751e8b465ee728b)
Start importing Assets/Sprites/Checkpoints/Cave_SaveStone_Secret.png using Guid(27130c041674a3a4ea07141bb9199aaf) Importer(815301076,1909f56bfc062723c751e8b465ee728b)  -> (artifact id: 'e370ec0a74649873b5cc58c7f31a4995') in 0.067738 seconds
  Import took 0.077626 seconds .

========================================================================
Received Import Request.
  Time since last request: 0.000315 seconds.
  path: Assets/Sprites/Checkpoints/Cave_SaveStone_Start.png
  artifactKey: Guid(6d7d573b5e1bbcc4dbc9dbff9672b1c0) Importer(815301076,1909f56bfc062723c751e8b465ee728b)
Start importing Assets/Sprites/Checkpoints/Cave_SaveStone_Start.png using Guid(6d7d573b5e1bbcc4dbc9dbff9672b1c0) Importer(815301076,1909f56bfc062723c751e8b465ee728b)  -> (artifact id: 'a07f686ac99899d89d405c4407a9392d') in 0.044057 seconds
  Import took 0.052195 seconds .

========================================================================
Received Import Request.
  Time since last request: 0.000365 seconds.
  path: Assets/Sprites/Checkpoints/MechFactory_SaveStone_Entrance.png
  artifactKey: Guid(c689b3b8eba873c4c8ccf77fb8aac7c0) Importer(815301076,1909f56bfc062723c751e8b465ee728b)
Start importing Assets/Sprites/Checkpoints/MechFactory_SaveStone_Entrance.png using Guid(c689b3b8eba873c4c8ccf77fb8aac7c0) Importer(815301076,1909f56bfc062723c751e8b465ee728b)  -> (artifact id: 'c5efe4abde66c5b78cc7b5151b68630b') in 0.048480 seconds
  Import took 0.057233 seconds .

========================================================================
Received Import Request.
  Time since last request: 0.000398 seconds.
  path: Assets/Sprites/Checkpoints/Well_SaveStone.png
  artifactKey: Guid(0dd1fc37f9beae3459b3282e32bb8c20) Importer(815301076,1909f56bfc062723c751e8b465ee728b)
Start importing Assets/Sprites/Checkpoints/Well_SaveStone.png using Guid(0dd1fc37f9beae3459b3282e32bb8c20) Importer(815301076,1909f56bfc062723c751e8b465ee728b)  -> (artifact id: 'd47d2fc731139884612b9e0f70e786d1') in 0.099221 seconds
  Import took 0.110999 seconds .

========================================================================
Received Import Request.
  Time since last request: 11.779613 seconds.
  path: Assets/Effects/lightning_beam_2.png
  artifactKey: Guid(bda320c38b67225449bd6a1fa48e611c) Importer(815301076,1909f56bfc062723c751e8b465ee728b)
Start importing Assets/Effects/lightning_beam_2.png using Guid(bda320c38b67225449bd6a1fa48e611c) Importer(815301076,1909f56bfc062723c751e8b465ee728b)  -> (artifact id: '380c9ecae848675855cfd10a665aa467') in 0.065825 seconds
  Import took 0.085201 seconds .

========================================================================
Received Import Request.
  Time since last request: 0.069975 seconds.
  path: Assets/Effects/lightning_beam_3.png
  artifactKey: Guid(c498365d4e925f241ac07677f0fb877b) Importer(815301076,1909f56bfc062723c751e8b465ee728b)
Start importing Assets/Effects/lightning_beam_3.png using Guid(c498365d4e925f241ac07677f0fb877b) Importer(815301076,1909f56bfc062723c751e8b465ee728b)  -> (artifact id: '7a3df2cf0a329985f040edd17096afac') in 0.076595 seconds
  Import took 0.086931 seconds .

========================================================================
Received Import Request.
  Time since last request: 0.409743 seconds.
  path: Assets/Sprites/Characters/merky_past.png
  artifactKey: Guid(9a6a1057b1dc15d4cbb417c3b5a6aa0a) Importer(815301076,1909f56bfc062723c751e8b465ee728b)
Start importing Assets/Sprites/Characters/merky_past.png using Guid(9a6a1057b1dc15d4cbb417c3b5a6aa0a) Importer(815301076,1909f56bfc062723c751e8b465ee728b)  -> (artifact id: '1f8671462d04a38db3ea61180b359c72') in 0.642683 seconds
  Import took 0.671424 seconds .

========================================================================
Received Prepare
Registering precompiled user dll's ...
Registered in 0.005388 seconds.
Begin MonoManager ReloadAssembly
Native extension for WindowsStandalone target not found
Refreshing native plugins compatible for Editor in 0.82 ms, found 1 plugins.
Preloading 0 native plugins for Editor in 0.00 ms.
Invoked RoslynAnalysisRunner static constructor.
RoslynAnalysisRunner will not be running.
RoslynAnalysisRunner has terminated.
Mono: successfully reloaded assembly
- Completed reload, in  2.654 seconds
Platform modules already initialized, skipping
Refreshing native plugins compatible for Editor in 0.86 ms, found 1 plugins.
Preloading 0 native plugins for Editor in 0.00 ms.
Unloading 2971 Unused Serialized files (Serialized files now loaded: 0)
System memory in use before: 191.8 MB.
System memory in use after: 192.0 MB.

Unloading 13 unused Assets to reduce memory usage. Loaded Objects now: 3546.
Total: 14.599200 ms (FindLiveObjects: 0.521500 ms CreateObjectMapping: 0.277200 ms MarkObjects: 13.695100 ms  DeleteObjects: 0.101400 ms)

========================================================================
Received Prepare
Registering precompiled user dll's ...
Registered in 0.005527 seconds.
Begin MonoManager ReloadAssembly
Native extension for WindowsStandalone target not found
Refreshing native plugins compatible for Editor in 0.81 ms, found 1 plugins.
Preloading 0 native plugins for Editor in 0.00 ms.
Invoked RoslynAnalysisRunner static constructor.
RoslynAnalysisRunner will not be running.
RoslynAnalysisRunner has terminated.
Mono: successfully reloaded assembly
- Completed reload, in  2.288 seconds
Platform modules already initialized, skipping
Refreshing native plugins compatible for Editor in 0.82 ms, found 1 plugins.
Preloading 0 native plugins for Editor in 0.00 ms.
Unloading 2971 Unused Serialized files (Serialized files now loaded: 0)
System memory in use before: 191.2 MB.
System memory in use after: 191.5 MB.

Unloading 13 unused Assets to reduce memory usage. Loaded Objects now: 3548.
Total: 15.134700 ms (FindLiveObjects: 0.465100 ms CreateObjectMapping: 0.297900 ms MarkObjects: 14.233100 ms  DeleteObjects: 0.136700 ms)

========================================================================
Received Prepare
Registering precompiled user dll's ...
Registered in 0.003669 seconds.
Begin MonoManager ReloadAssembly
Native extension for WindowsStandalone target not found
Refreshing native plugins compatible for Editor in 1.14 ms, found 1 plugins.
Preloading 0 native plugins for Editor in 0.00 ms.
Invoked RoslynAnalysisRunner static constructor.
RoslynAnalysisRunner will not be running.
RoslynAnalysisRunner has terminated.
Mono: successfully reloaded assembly
- Completed reload, in  3.994 seconds
Platform modules already initialized, skipping
Refreshing native plugins compatible for Editor in 1.73 ms, found 1 plugins.
Preloading 0 native plugins for Editor in 0.00 ms.
Unloading 2971 Unused Serialized files (Serialized files now loaded: 0)
System memory in use before: 190.7 MB.
System memory in use after: 190.9 MB.

Unloading 13 unused Assets to reduce memory usage. Loaded Objects now: 3550.
Total: 15.112900 ms (FindLiveObjects: 0.742100 ms CreateObjectMapping: 0.284000 ms MarkObjects: 13.917700 ms  DeleteObjects: 0.166300 ms)

========================================================================
Received Import Request.
  Time since last request: 1036.821851 seconds.
  path: Assets/Scripts/Menu/ButtonSpecific/MenuActionSwitchCheat.cs
  artifactKey: Guid(2f79a92555ec57347a2a8557120dd7af) Importer(815301076,1909f56bfc062723c751e8b465ee728b)
Start importing Assets/Scripts/Menu/ButtonSpecific/MenuActionSwitchCheat.cs using Guid(2f79a92555ec57347a2a8557120dd7af) Importer(815301076,1909f56bfc062723c751e8b465ee728b)  -> (artifact id: '0ce57a19787f134c654318b47ac9c17f') in 0.066304 seconds
  Import took 0.078672 seconds .

========================================================================
Received Import Request.
  Time since last request: 6.254642 seconds.
  path: Assets/Scripts/Managers/TesterShortcuts.cs
  artifactKey: Guid(f936c66db35ae5a46bd0bdf66548fea4) Importer(815301076,1909f56bfc062723c751e8b465ee728b)
Start importing Assets/Scripts/Managers/TesterShortcuts.cs using Guid(f936c66db35ae5a46bd0bdf66548fea4) Importer(815301076,1909f56bfc062723c751e8b465ee728b)  -> (artifact id: '78a1fb3de6a994a0d8f73b1c33676bcc') in 0.017005 seconds
  Import took 0.025773 seconds .

========================================================================
Received Import Request.
  Time since last request: 0.029687 seconds.
  path: Assets/Scripts/Managers/TesterShortcuts.cs
  artifactKey: Guid(f936c66db35ae5a46bd0bdf66548fea4) Importer(815301076,1909f56bfc062723c751e8b465ee728b)
Start importing Assets/Scripts/Managers/TesterShortcuts.cs using Guid(f936c66db35ae5a46bd0bdf66548fea4) Importer(815301076,1909f56bfc062723c751e8b465ee728b)  -> (artifact id: '78a1fb3de6a994a0d8f73b1c33676bcc') in 0.010239 seconds
  Import took 0.019801 seconds .

========================================================================
Received Prepare
Registering precompiled user dll's ...
Registered in 0.007568 seconds.
Begin MonoManager ReloadAssembly
Native extension for WindowsStandalone target not found
Refreshing native plugins compatible for Editor in 0.89 ms, found 1 plugins.
Preloading 0 native plugins for Editor in 0.00 ms.
Invoked RoslynAnalysisRunner static constructor.
RoslynAnalysisRunner will not be running.
RoslynAnalysisRunner has terminated.
Mono: successfully reloaded assembly
- Completed reload, in  2.374 seconds
Platform modules already initialized, skipping
Refreshing native plugins compatible for Editor in 0.82 ms, found 1 plugins.
Preloading 0 native plugins for Editor in 0.00 ms.
Unloading 2971 Unused Serialized files (Serialized files now loaded: 0)
System memory in use before: 192.5 MB.
System memory in use after: 192.7 MB.

Unloading 13 unused Assets to reduce memory usage. Loaded Objects now: 3552.
Total: 21.585900 ms (FindLiveObjects: 1.123400 ms CreateObjectMapping: 0.492900 ms MarkObjects: 19.824100 ms  DeleteObjects: 0.142800 ms)

========================================================================
Received Import Request.
  Time since last request: 229.476578 seconds.
  path: Assets/Scripts/Managers/TesterShortcuts.cs
  artifactKey: Guid(f936c66db35ae5a46bd0bdf66548fea4) Importer(815301076,1909f56bfc062723c751e8b465ee728b)
Start importing Assets/Scripts/Managers/TesterShortcuts.cs using Guid(f936c66db35ae5a46bd0bdf66548fea4) Importer(815301076,1909f56bfc062723c751e8b465ee728b)  -> (artifact id: '80047b110152a87ec23668bf0f2b3a79') in 0.011164 seconds
  Import took 0.020652 seconds .

========================================================================
Received Prepare
Registering precompiled user dll's ...
Registered in 0.005295 seconds.
Begin MonoManager ReloadAssembly
Native extension for WindowsStandalone target not found
Refreshing native plugins compatible for Editor in 1.81 ms, found 1 plugins.
Preloading 0 native plugins for Editor in 0.00 ms.
Invoked RoslynAnalysisRunner static constructor.
RoslynAnalysisRunner will not be running.
RoslynAnalysisRunner has terminated.
Mono: successfully reloaded assembly
- Completed reload, in  3.535 seconds
Platform modules already initialized, skipping
Refreshing native plugins compatible for Editor in 1.93 ms, found 1 plugins.
Preloading 0 native plugins for Editor in 0.00 ms.
Unloading 2971 Unused Serialized files (Serialized files now loaded: 0)
System memory in use before: 192.5 MB.
System memory in use after: 192.7 MB.

Unloading 13 unused Assets to reduce memory usage. Loaded Objects now: 3554.
Total: 17.251400 ms (FindLiveObjects: 0.687200 ms CreateObjectMapping: 0.681100 ms MarkObjects: 15.743900 ms  DeleteObjects: 0.136500 ms)

========================================================================
Received Prepare
Registering precompiled user dll's ...
Registered in 0.005924 seconds.
Begin MonoManager ReloadAssembly
Native extension for WindowsStandalone target not found
Refreshing native plugins compatible for Editor in 1.05 ms, found 1 plugins.
Preloading 0 native plugins for Editor in 0.00 ms.
Invoked RoslynAnalysisRunner static constructor.
RoslynAnalysisRunner will not be running.
RoslynAnalysisRunner has terminated.
Mono: successfully reloaded assembly
- Completed reload, in  3.587 seconds
Platform modules already initialized, skipping
Refreshing native plugins compatible for Editor in 1.44 ms, found 1 plugins.
Preloading 0 native plugins for Editor in 0.00 ms.
Unloading 2971 Unused Serialized files (Serialized files now loaded: 0)
System memory in use before: 192.9 MB.
System memory in use after: 193.1 MB.

Unloading 13 unused Assets to reduce memory usage. Loaded Objects now: 3556.
Total: 25.138900 ms (FindLiveObjects: 0.970300 ms CreateObjectMapping: 0.412500 ms MarkObjects: 23.613200 ms  DeleteObjects: 0.139800 ms)

========================================================================
Received Prepare
Registering precompiled user dll's ...
Registered in 0.005498 seconds.
Begin MonoManager ReloadAssembly
Native extension for WindowsStandalone target not found
Refreshing native plugins compatible for Editor in 0.94 ms, found 1 plugins.
Preloading 0 native plugins for Editor in 0.00 ms.
Invoked RoslynAnalysisRunner static constructor.
RoslynAnalysisRunner will not be running.
RoslynAnalysisRunner has terminated.
Mono: successfully reloaded assembly
- Completed reload, in  2.444 seconds
Platform modules already initialized, skipping
Refreshing native plugins compatible for Editor in 0.98 ms, found 1 plugins.
Preloading 0 native plugins for Editor in 0.00 ms.
Unloading 2971 Unused Serialized files (Serialized files now loaded: 0)
System memory in use before: 192.3 MB.
System memory in use after: 192.5 MB.

Unloading 13 unused Assets to reduce memory usage. Loaded Objects now: 3558.
Total: 14.047800 ms (FindLiveObjects: 0.320300 ms CreateObjectMapping: 0.132800 ms MarkObjects: 13.484400 ms  DeleteObjects: 0.108400 ms)

========================================================================
Received Prepare
Registering precompiled user dll's ...
Registered in 0.003748 seconds.
Begin MonoManager ReloadAssembly
Native extension for WindowsStandalone target not found
Refreshing native plugins compatible for Editor in 1.34 ms, found 1 plugins.
Preloading 0 native plugins for Editor in 0.00 ms.
Invoked RoslynAnalysisRunner static constructor.
RoslynAnalysisRunner will not be running.
RoslynAnalysisRunner has terminated.
Mono: successfully reloaded assembly
- Completed reload, in  2.678 seconds
Platform modules already initialized, skipping
Refreshing native plugins compatible for Editor in 2.73 ms, found 1 plugins.
Preloading 0 native plugins for Editor in 0.00 ms.
Unloading 2971 Unused Serialized files (Serialized files now loaded: 0)
System memory in use before: 193.3 MB.
System memory in use after: 193.5 MB.

Unloading 13 unused Assets to reduce memory usage. Loaded Objects now: 3560.
Total: 17.867100 ms (FindLiveObjects: 0.450800 ms CreateObjectMapping: 0.269600 ms MarkObjects: 16.954700 ms  DeleteObjects: 0.189100 ms)

========================================================================
Received Prepare
Registering precompiled user dll's ...
Registered in 0.026293 seconds.
Begin MonoManager ReloadAssembly
Native extension for WindowsStandalone target not found
Refreshing native plugins compatible for Editor in 1.33 ms, found 1 plugins.
Preloading 0 native plugins for Editor in 0.00 ms.
Invoked RoslynAnalysisRunner static constructor.
RoslynAnalysisRunner will not be running.
RoslynAnalysisRunner has terminated.
Mono: successfully reloaded assembly
- Completed reload, in  4.149 seconds
Platform modules already initialized, skipping
Refreshing native plugins compatible for Editor in 0.81 ms, found 1 plugins.
Preloading 0 native plugins for Editor in 0.00 ms.
Unloading 2971 Unused Serialized files (Serialized files now loaded: 0)
System memory in use before: 193.5 MB.
System memory in use after: 193.7 MB.

Unloading 13 unused Assets to reduce memory usage. Loaded Objects now: 3562.
Total: 14.238700 ms (FindLiveObjects: 0.447200 ms CreateObjectMapping: 0.226700 ms MarkObjects: 13.433300 ms  DeleteObjects: 0.129800 ms)

========================================================================
Received Import Request.
  Time since last request: 1056.523750 seconds.
  path: Assets/UI/Tutorial Icons/Mouse/tutorial_mouse_RMB.png
  artifactKey: Guid(3b01ede7ab3d661488cddb3ee9a34bc3) Importer(815301076,1909f56bfc062723c751e8b465ee728b)
Start importing Assets/UI/Tutorial Icons/Mouse/tutorial_mouse_RMB.png using Guid(3b01ede7ab3d661488cddb3ee9a34bc3) Importer(815301076,1909f56bfc062723c751e8b465ee728b)  -> (artifact id: '858a7933e3e1fbda931410c9c0b8d17f') in 0.153146 seconds
  Import took 0.166154 seconds .

========================================================================
Received Import Request.
  Time since last request: 0.000475 seconds.
  path: Assets/UI/Tutorial Icons/Mouse/tutorial_mouse_base.png
  artifactKey: Guid(87abada06678846419110dedaafebdbd) Importer(815301076,1909f56bfc062723c751e8b465ee728b)
Start importing Assets/UI/Tutorial Icons/Mouse/tutorial_mouse_base.png using Guid(87abada06678846419110dedaafebdbd) Importer(815301076,1909f56bfc062723c751e8b465ee728b)  -> (artifact id: 'c055c1ea1c2cc8a464a1682d93c2a4be') in 0.042370 seconds
  Import took 0.055136 seconds .

========================================================================
Received Import Request.
  Time since last request: 0.000429 seconds.
  path: Assets/UI/Tutorial Icons/Mouse/tutorial_mouse_scrollwheel.png
  artifactKey: Guid(d30d10d74cb3ed94eab5d55c09b787c2) Importer(815301076,1909f56bfc062723c751e8b465ee728b)
Start importing Assets/UI/Tutorial Icons/Mouse/tutorial_mouse_scrollwheel.png using Guid(d30d10d74cb3ed94eab5d55c09b787c2) Importer(815301076,1909f56bfc062723c751e8b465ee728b)  -> (artifact id: '6fd477d33a71e20749a2807230f362bd') in 0.053950 seconds
  Import took 0.065572 seconds .

========================================================================
Received Import Request.
  Time since last request: 0.000362 seconds.
  path: Assets/UI/Tutorial Icons/Mouse/tutorial_mouse_RMB.png
  artifactKey: Guid(3b01ede7ab3d661488cddb3ee9a34bc3) Importer(815301076,1909f56bfc062723c751e8b465ee728b)
Start importing Assets/UI/Tutorial Icons/Mouse/tutorial_mouse_RMB.png using Guid(3b01ede7ab3d661488cddb3ee9a34bc3) Importer(815301076,1909f56bfc062723c751e8b465ee728b)  -> (artifact id: '858a7933e3e1fbda931410c9c0b8d17f') in 0.080359 seconds
  Import took 0.090152 seconds .

========================================================================
Received Prepare
Registering precompiled user dll's ...
Registered in 0.003867 seconds.
Begin MonoManager ReloadAssembly
Native extension for WindowsStandalone target not found
Refreshing native plugins compatible for Editor in 0.99 ms, found 1 plugins.
Preloading 0 native plugins for Editor in 0.00 ms.
Invoked RoslynAnalysisRunner static constructor.
RoslynAnalysisRunner will not be running.
RoslynAnalysisRunner has terminated.
Mono: successfully reloaded assembly
- Completed reload, in  3.958 seconds
Platform modules already initialized, skipping
Refreshing native plugins compatible for Editor in 1.19 ms, found 1 plugins.
Preloading 0 native plugins for Editor in 0.00 ms.
Unloading 2971 Unused Serialized files (Serialized files now loaded: 0)
System memory in use before: 193.5 MB.
System memory in use after: 193.8 MB.

Unloading 13 unused Assets to reduce memory usage. Loaded Objects now: 3571.
Total: 15.488200 ms (FindLiveObjects: 0.955300 ms CreateObjectMapping: 0.677400 ms MarkObjects: 13.690800 ms  DeleteObjects: 0.160800 ms)

========================================================================
Received Prepare
Refreshing native plugins compatible for Editor in 6.14 ms, found 1 plugins.
Preloading 0 native plugins for Editor in 0.00 ms.
Unloading 9 Unused Serialized files (Serialized files now loaded: 0)
System memory in use before: 130.6 MB.
System memory in use after: 130.8 MB.

Unloading 9 unused Assets to reduce memory usage. Loaded Objects now: 3571.
Total: 22.621000 ms (FindLiveObjects: 1.051700 ms CreateObjectMapping: 0.399600 ms MarkObjects: 21.096300 ms  DeleteObjects: 0.067400 ms)

========================================================================
Received Prepare
Registering precompiled user dll's ...
Registered in 0.029427 seconds.
Begin MonoManager ReloadAssembly
Native extension for WindowsStandalone target not found
Refreshing native plugins compatible for Editor in 3.24 ms, found 1 plugins.
Preloading 0 native plugins for Editor in 0.00 ms.
Invoked RoslynAnalysisRunner static constructor.
RoslynAnalysisRunner will not be running.
RoslynAnalysisRunner has terminated.
Mono: successfully reloaded assembly
- Completed reload, in  8.453 seconds
Platform modules already initialized, skipping
Refreshing native plugins compatible for Editor in 1.22 ms, found 1 plugins.
Preloading 0 native plugins for Editor in 0.00 ms.
Unloading 2971 Unused Serialized files (Serialized files now loaded: 0)
System memory in use before: 193.1 MB.
System memory in use after: 193.3 MB.

Unloading 13 unused Assets to reduce memory usage. Loaded Objects now: 3573.
Total: 25.909100 ms (FindLiveObjects: 0.694700 ms CreateObjectMapping: 0.592300 ms MarkObjects: 24.432000 ms  DeleteObjects: 0.187500 ms)

========================================================================
Received Import Request.
  Time since last request: 656.196702 seconds.
  path: Assets/Sprites/Characters/GrunHardt.png
  artifactKey: Guid(2e617f2121112454ea2b0efaf4b1855a) Importer(815301076,1909f56bfc062723c751e8b465ee728b)
Start importing Assets/Sprites/Characters/GrunHardt.png using Guid(2e617f2121112454ea2b0efaf4b1855a) Importer(815301076,1909f56bfc062723c751e8b465ee728b)  -> (artifact id: '80271140d305be5231c6638862189f60') in 0.193005 seconds
  Import took 0.204613 seconds .

========================================================================
Received Import Request.
  Time since last request: 0.000517 seconds.
  path: Assets/MapAssets/town/House1_Hollow/Inside.png
  artifactKey: Guid(12a51f7a38f9de14098faa1ba32f5d4c) Importer(815301076,1909f56bfc062723c751e8b465ee728b)
Start importing Assets/MapAssets/town/House1_Hollow/Inside.png using Guid(12a51f7a38f9de14098faa1ba32f5d4c) Importer(815301076,1909f56bfc062723c751e8b465ee728b)  -> (artifact id: '15286e3d013dfae68b8ddfc4f3654c96') in 0.056048 seconds
  Import took 0.067593 seconds .

========================================================================
Received Import Request.
  Time since last request: 0.000934 seconds.
  path: Assets/Sprites/powerwire.png
  artifactKey: Guid(df96a45f18a49c743943c6e7df0b58af) Importer(815301076,1909f56bfc062723c751e8b465ee728b)
Start importing Assets/Sprites/powerwire.png using Guid(df96a45f18a49c743943c6e7df0b58af) Importer(815301076,1909f56bfc062723c751e8b465ee728b)  -> (artifact id: 'f0997cbcc363598a26bf31dc5b4b6ab8') in 0.053882 seconds
  Import took 0.068696 seconds .

========================================================================
Received Import Request.
  Time since last request: 0.000329 seconds.
  path: Assets/Sprites/powered_door.png
  artifactKey: Guid(35d024d6be182c9438ed104eaa9be19e) Importer(815301076,1909f56bfc062723c751e8b465ee728b)
Start importing Assets/Sprites/powered_door.png using Guid(35d024d6be182c9438ed104eaa9be19e) Importer(815301076,1909f56bfc062723c751e8b465ee728b)  -> (artifact id: 'f6e279944a4811333c2e725357a6eaf1') in 0.065105 seconds
  Import took 0.074761 seconds .

========================================================================
Received Import Request.
  Time since last request: 0.000459 seconds.
  path: Assets/Sprites/powercube.png
  artifactKey: Guid(d10f46dc66b91144c96b4b8e24ff3f04) Importer(815301076,1909f56bfc062723c751e8b465ee728b)
Start importing Assets/Sprites/powercube.png using Guid(d10f46dc66b91144c96b4b8e24ff3f04) Importer(815301076,1909f56bfc062723c751e8b465ee728b)  -> (artifact id: '1d4dbda92bdd1066b18f9f4498edf7f9') in 0.065973 seconds
  Import took 0.077148 seconds .

========================================================================
Received Import Request.
  Time since last request: 0.000708 seconds.
  path: Assets/Sprites/powered_door_opener.png
  artifactKey: Guid(e8db90f4de9da654b96682fb166f7b87) Importer(815301076,1909f56bfc062723c751e8b465ee728b)
Start importing Assets/Sprites/powered_door_opener.png using Guid(e8db90f4de9da654b96682fb166f7b87) Importer(815301076,1909f56bfc062723c751e8b465ee728b)  -> (artifact id: '3fdcad2657f847dac8db508e18fd4515') in 0.048834 seconds
  Import took 0.061085 seconds .

========================================================================
Received Import Request.
  Time since last request: 0.001503 seconds.
  path: Assets/Sprites/powered_door_opener.png
  artifactKey: Guid(e8db90f4de9da654b96682fb166f7b87) Importer(815301076,1909f56bfc062723c751e8b465ee728b)
Start importing Assets/Sprites/powered_door_opener.png using Guid(e8db90f4de9da654b96682fb166f7b87) Importer(815301076,1909f56bfc062723c751e8b465ee728b)  -> (artifact id: '3fdcad2657f847dac8db508e18fd4515') in 0.037447 seconds
  Import took 0.051014 seconds .

========================================================================
Received Import Request.
  Time since last request: 27.564983 seconds.
  path: Assets/Sprites/powered_door_glow.png
  artifactKey: Guid(85f6f060ef49bd643bfd2a5c7788540a) Importer(815301076,1909f56bfc062723c751e8b465ee728b)
Start importing Assets/Sprites/powered_door_glow.png using Guid(85f6f060ef49bd643bfd2a5c7788540a) Importer(815301076,1909f56bfc062723c751e8b465ee728b)  -> (artifact id: '08018ab2d52f55a98e3a6c85c470a2d3') in 0.046355 seconds
  Import took 0.057030 seconds .

========================================================================
Received Import Request.
  Time since last request: 0.001270 seconds.
  path: Assets/Sprites/powered_door_glow.png
  artifactKey: Guid(85f6f060ef49bd643bfd2a5c7788540a) Importer(815301076,1909f56bfc062723c751e8b465ee728b)
Start importing Assets/Sprites/powered_door_glow.png using Guid(85f6f060ef49bd643bfd2a5c7788540a) Importer(815301076,1909f56bfc062723c751e8b465ee728b)  -> (artifact id: '08018ab2d52f55a98e3a6c85c470a2d3') in 0.031035 seconds
  Import took 0.040011 seconds .

========================================================================
Received Import Request.
  Time since last request: 12.620768 seconds.
  path: Assets/Sprites/teleportstar.png
  artifactKey: Guid(ad452c79efc1e9546b4eba535304bd8d) Importer(815301076,1909f56bfc062723c751e8b465ee728b)
Start importing Assets/Sprites/teleportstar.png using Guid(ad452c79efc1e9546b4eba535304bd8d) Importer(815301076,1909f56bfc062723c751e8b465ee728b)  -> (artifact id: 'dc5c4d66a5dccf699cd899e73965faca') in 0.058885 seconds
  Import took 0.070811 seconds .

========================================================================
Received Import Request.
  Time since last request: 0.000795 seconds.
  path: Assets/Sprites/checkpoint_root_mask.png
  artifactKey: Guid(dfab6f3616498014592fd5c9a4c8f681) Importer(815301076,1909f56bfc062723c751e8b465ee728b)
Start importing Assets/Sprites/checkpoint_root_mask.png using Guid(dfab6f3616498014592fd5c9a4c8f681) Importer(815301076,1909f56bfc062723c751e8b465ee728b)  -> (artifact id: '6ce40c1a0112bd7d1d10d0e6f3f0e973') in 0.056830 seconds
  Import took 0.070573 seconds .

========================================================================
Received Import Request.
  Time since last request: 0.000280 seconds.
  path: Assets/Sprites/teleportstreak.png
  artifactKey: Guid(8d8dee5abee8bff4aa07033bd8968c89) Importer(815301076,1909f56bfc062723c751e8b465ee728b)
Start importing Assets/Sprites/teleportstreak.png using Guid(8d8dee5abee8bff4aa07033bd8968c89) Importer(815301076,1909f56bfc062723c751e8b465ee728b)  -> (artifact id: 'f268f437ed6c53f0245ae69677cef54e') in 0.067526 seconds
  Import took 0.077293 seconds .

========================================================================
Received Import Request.
  Time since last request: 0.000342 seconds.
  path: Assets/Sprites/checkpoint_root_mask.png
  artifactKey: Guid(dfab6f3616498014592fd5c9a4c8f681) Importer(815301076,1909f56bfc062723c751e8b465ee728b)
Start importing Assets/Sprites/checkpoint_root_mask.png using Guid(dfab6f3616498014592fd5c9a4c8f681) Importer(815301076,1909f56bfc062723c751e8b465ee728b)  -> (artifact id: '6ce40c1a0112bd7d1d10d0e6f3f0e973') in 0.042047 seconds
  Import took 0.051807 seconds .

========================================================================
Received Import Request.
  Time since last request: 2.065611 seconds.
  path: Assets/Prefabs/powered_door_slab.prefab
  artifactKey: Guid(3e63c3b2fff98dc4282cbc7524015a15) Importer(815301076,1909f56bfc062723c751e8b465ee728b)
Start importing Assets/Prefabs/powered_door_slab.prefab using Guid(3e63c3b2fff98dc4282cbc7524015a15) Importer(815301076,1909f56bfc062723c751e8b465ee728b)  -> (artifact id: '2f38d9f26ddb11fe1efa8cae12e423ec') in 0.094276 seconds
  Import took 0.101580 seconds .

========================================================================
Received Import Request.
  Time since last request: 0.062475 seconds.
  path: Assets/Prefabs/powered_door_slab.prefab
  artifactKey: Guid(3e63c3b2fff98dc4282cbc7524015a15) Importer(815301076,1909f56bfc062723c751e8b465ee728b)
Start importing Assets/Prefabs/powered_door_slab.prefab using Guid(3e63c3b2fff98dc4282cbc7524015a15) Importer(815301076,1909f56bfc062723c751e8b465ee728b)  -> (artifact id: '2f38d9f26ddb11fe1efa8cae12e423ec') in 0.035520 seconds
  Import took 0.052323 seconds .

========================================================================
Received Import Request.
  Time since last request: 21.751773 seconds.
  path: Assets/Sprites/Characters/Red.svg
  artifactKey: Guid(1c8eefc2d18639740b03bc72698454c6) Importer(815301076,1909f56bfc062723c751e8b465ee728b)
Start importing Assets/Sprites/Characters/Red.svg using Guid(1c8eefc2d18639740b03bc72698454c6) Importer(815301076,1909f56bfc062723c751e8b465ee728b)  -> (artifact id: '5ccf5fc29c075e829cda88568cb551aa') in 0.130601 seconds
  Import took 0.141507 seconds .

========================================================================
Received Import Request.
  Time since last request: 0.000349 seconds.
  path: Assets/MapAssets/cave/boulder_square.png
  artifactKey: Guid(fe909394bb5684840b07b2b519c018af) Importer(815301076,1909f56bfc062723c751e8b465ee728b)
Start importing Assets/MapAssets/cave/boulder_square.png using Guid(fe909394bb5684840b07b2b519c018af) Importer(815301076,1909f56bfc062723c751e8b465ee728b)  -> (artifact id: '34034f352933a36c0f1371f8e6c5fc41') in 0.129087 seconds
  Import took 0.138932 seconds .

========================================================================
Received Import Request.
  Time since last request: 0.000465 seconds.
  path: Assets/Sprites/well_solid.png
  artifactKey: Guid(09fcbe8d29bd4ea49932045a2f6dde4b) Importer(815301076,1909f56bfc062723c751e8b465ee728b)
Start importing Assets/Sprites/well_solid.png using Guid(09fcbe8d29bd4ea49932045a2f6dde4b) Importer(815301076,1909f56bfc062723c751e8b465ee728b)  -> (artifact id: 'a6eb7c99c865843aac52237fad30a905') in 0.042968 seconds
  Import took 0.051876 seconds .

========================================================================
Received Import Request.
  Time since last request: 0.000369 seconds.
  path: Assets/MapAssets/cave/boulder_square.png
  artifactKey: Guid(fe909394bb5684840b07b2b519c018af) Importer(815301076,1909f56bfc062723c751e8b465ee728b)
Start importing Assets/MapAssets/cave/boulder_square.png using Guid(fe909394bb5684840b07b2b519c018af) Importer(815301076,1909f56bfc062723c751e8b465ee728b)  -> (artifact id: '34034f352933a36c0f1371f8e6c5fc41') in 0.042396 seconds
  Import took 0.054540 seconds .

========================================================================
Received Import Request.
  Time since last request: 8.945087 seconds.
  path: Assets/Sprites/well.png
  artifactKey: Guid(976833b149961d04e93841357908e70f) Importer(815301076,1909f56bfc062723c751e8b465ee728b)
Start importing Assets/Sprites/well.png using Guid(976833b149961d04e93841357908e70f) Importer(815301076,1909f56bfc062723c751e8b465ee728b)  -> (artifact id: 'ba6f0fb79752f4aa7cfc03f1e9b16d6c') in 0.042006 seconds
  Import took 0.052722 seconds .

========================================================================
Received Import Request.
  Time since last request: 0.004553 seconds.
  path: Assets/Sprites/well.png
  artifactKey: Guid(976833b149961d04e93841357908e70f) Importer(815301076,1909f56bfc062723c751e8b465ee728b)
Start importing Assets/Sprites/well.png using Guid(976833b149961d04e93841357908e70f) Importer(815301076,1909f56bfc062723c751e8b465ee728b)  -> (artifact id: 'ba6f0fb79752f4aa7cfc03f1e9b16d6c') in 0.030028 seconds
  Import took 0.040090 seconds .

========================================================================
Received Import Request.
  Time since last request: 563.073288 seconds.
  path: Assets/Sprites/teleportrangeindicator.png
  artifactKey: Guid(eb7c2ab9920adf146a653a8f712162bd) Importer(815301076,1909f56bfc062723c751e8b465ee728b)
Start importing Assets/Sprites/teleportrangeindicator.png using Guid(eb7c2ab9920adf146a653a8f712162bd) Importer(815301076,1909f56bfc062723c751e8b465ee728b)  -> (artifact id: '9000d5490defe4687c501b877f98e278') in 0.075322 seconds
  Import took 0.088052 seconds .

========================================================================
Received Import Request.
  Time since last request: 0.190643 seconds.
  path: Assets/Sprites/Characters/merky.bmp
  artifactKey: Guid(5553a7db2e86f944bb7b61d1ad368904) Importer(815301076,1909f56bfc062723c751e8b465ee728b)
Start importing Assets/Sprites/Characters/merky.bmp using Guid(5553a7db2e86f944bb7b61d1ad368904) Importer(815301076,1909f56bfc062723c751e8b465ee728b)  -> (artifact id: '8be64f8a1b08b37b7686e538cfaac0bf') in 0.412917 seconds
  Import took 0.450568 seconds .

========================================================================
Received Import Request.
  Time since last request: 0.000307 seconds.
  path: Assets/Sprites/cloud.png
  artifactKey: Guid(5720e7f931c6f204cb7078967747cc74) Importer(815301076,1909f56bfc062723c751e8b465ee728b)
Start importing Assets/Sprites/cloud.png using Guid(5720e7f931c6f204cb7078967747cc74) Importer(815301076,1909f56bfc062723c751e8b465ee728b)  -> (artifact id: '93aafabec78fe89457c514fb1450f9f0') in 0.042552 seconds
  Import took 0.051348 seconds .

========================================================================
Received Import Request.
  Time since last request: 0.000282 seconds.
  path: Assets/Sprites/cloud_outline.png
  artifactKey: Guid(8ab626c028229414f909f46e9fe8e8bc) Importer(815301076,1909f56bfc062723c751e8b465ee728b)
Start importing Assets/Sprites/cloud_outline.png using Guid(8ab626c028229414f909f46e9fe8e8bc) Importer(815301076,1909f56bfc062723c751e8b465ee728b)  -> (artifact id: '6c74786629d343b0b4fbeb154a4b708c') in 0.050189 seconds
  Import took 0.061250 seconds .

========================================================================
Received Import Request.
  Time since last request: 0.000306 seconds.
  path: Assets/Sprites/powercube_lightning.png
  artifactKey: Guid(3de6523e47c8b5641a220f4e150d18d8) Importer(815301076,1909f56bfc062723c751e8b465ee728b)
Start importing Assets/Sprites/powercube_lightning.png using Guid(3de6523e47c8b5641a220f4e150d18d8) Importer(815301076,1909f56bfc062723c751e8b465ee728b)  -> (artifact id: 'd558f483c5898c24781abad3f2d2e65c') in 0.055563 seconds
  Import took 0.068407 seconds .

========================================================================
Received Import Request.
  Time since last request: 0.001637 seconds.
  path: Assets/Sprites/Checkpoints/pod_back_seat.png
  artifactKey: Guid(4543f029ea75f05459b212f0917df49d) Importer(815301076,1909f56bfc062723c751e8b465ee728b)
Start importing Assets/Sprites/Checkpoints/pod_back_seat.png using Guid(4543f029ea75f05459b212f0917df49d) Importer(815301076,1909f56bfc062723c751e8b465ee728b)  -> (artifact id: 'cd757f6eee35e5dec2a44384cc8b7e87') in 0.052010 seconds
  Import took 0.063833 seconds .

========================================================================
Received Import Request.
  Time since last request: 0.000337 seconds.
  path: Assets/Sprites/powercube_lightning_fill.png
  artifactKey: Guid(1d5cf715ff1e6214fa50933cec0acee2) Importer(815301076,1909f56bfc062723c751e8b465ee728b)
Start importing Assets/Sprites/powercube_lightning_fill.png using Guid(1d5cf715ff1e6214fa50933cec0acee2) Importer(815301076,1909f56bfc062723c751e8b465ee728b)  -> (artifact id: '6f96481b4253fc5e60927844bcf4eb70') in 0.047301 seconds
  Import took 0.056469 seconds .

========================================================================
Received Import Request.
  Time since last request: 0.000295 seconds.
  path: Assets/Sprites/stickypad.png
  artifactKey: Guid(e6051cbecd6f08e4e9d5e56637472a8e) Importer(815301076,1909f56bfc062723c751e8b465ee728b)
Start importing Assets/Sprites/stickypad.png using Guid(e6051cbecd6f08e4e9d5e56637472a8e) Importer(815301076,1909f56bfc062723c751e8b465ee728b)  -> (artifact id: '0da01313a11777ddc3e6c1f6c2a3b6a0') in 0.078475 seconds
  Import took 0.088944 seconds .

========================================================================
Received Import Request.
  Time since last request: 0.000318 seconds.
  path: Assets/Terrain/SpriteShape/Desert/terrain_ground_rock_fill.png
  artifactKey: Guid(e41b76425138c8047801f50b7dc5213f) Importer(815301076,1909f56bfc062723c751e8b465ee728b)
Start importing Assets/Terrain/SpriteShape/Desert/terrain_ground_rock_fill.png using Guid(e41b76425138c8047801f50b7dc5213f) Importer(815301076,1909f56bfc062723c751e8b465ee728b)  -> (artifact id: '1907b3a50c3793091b3fea7f03d37587') in 0.050163 seconds
  Import took 0.060422 seconds .

========================================================================
Received Import Request.
  Time since last request: 0.000436 seconds.
  path: Assets/Sprites/Checkpoints/pod_lights_door.png
  artifactKey: Guid(a02000d03a917554098c94bad9afff26) Importer(815301076,1909f56bfc062723c751e8b465ee728b)
Start importing Assets/Sprites/Checkpoints/pod_lights_door.png using Guid(a02000d03a917554098c94bad9afff26) Importer(815301076,1909f56bfc062723c751e8b465ee728b)  -> (artifact id: '0ffefd31011092b48d451de43d91411b') in 0.054833 seconds
  Import took 0.076606 seconds .

========================================================================
Received Import Request.
  Time since last request: 0.000373 seconds.
  path: Assets/Terrain/SpriteShape/Desert/terrain_ground_rock_fill.png
  artifactKey: Guid(e41b76425138c8047801f50b7dc5213f) Importer(815301076,1909f56bfc062723c751e8b465ee728b)
Start importing Assets/Terrain/SpriteShape/Desert/terrain_ground_rock_fill.png using Guid(e41b76425138c8047801f50b7dc5213f) Importer(815301076,1909f56bfc062723c751e8b465ee728b)  -> (artifact id: '1907b3a50c3793091b3fea7f03d37587') in 0.027741 seconds
  Import took 0.040411 seconds .

========================================================================
Received Import Request.
  Time since last request: 0.000342 seconds.
  path: Assets/Sprites/powerwire_glow.png
  artifactKey: Guid(b93cf1fd9df974d489cd13f981705617) Importer(815301076,1909f56bfc062723c751e8b465ee728b)
Start importing Assets/Sprites/powerwire_glow.png using Guid(b93cf1fd9df974d489cd13f981705617) Importer(815301076,1909f56bfc062723c751e8b465ee728b)  -> (artifact id: '03183d0965561217df1c4f8addb35b08') in 0.046201 seconds
  Import took 0.056055 seconds .

========================================================================
Received Import Request.
  Time since last request: 0.000667 seconds.
  path: Assets/Sprites/dash line.png
  artifactKey: Guid(5de64e45e3248ce4499cfb3d2c8c1b80) Importer(815301076,1909f56bfc062723c751e8b465ee728b)
Start importing Assets/Sprites/dash line.png using Guid(5de64e45e3248ce4499cfb3d2c8c1b80) Importer(815301076,1909f56bfc062723c751e8b465ee728b)  -> (artifact id: '44c579b0fb6ea4f8944dc995fec4d7ab') in 0.053921 seconds
  Import took 0.070720 seconds .

========================================================================
Received Import Request.
  Time since last request: 0.000344 seconds.
  path: Assets/Sprites/Checkpoints/pod_lights.png
  artifactKey: Guid(846254518af521d47922d886d31e1a83) Importer(815301076,1909f56bfc062723c751e8b465ee728b)
Start importing Assets/Sprites/Checkpoints/pod_lights.png using Guid(846254518af521d47922d886d31e1a83) Importer(815301076,1909f56bfc062723c751e8b465ee728b)  -> (artifact id: 'dade605325d53d2517cdb89a92adb8bb') in 0.059661 seconds
  Import took 0.067897 seconds .

========================================================================
Received Import Request.
  Time since last request: 0.000336 seconds.
  path: Assets/Sprites/blank.png
  artifactKey: Guid(48097794d50a74049aa9fc188d8cbd43) Importer(815301076,1909f56bfc062723c751e8b465ee728b)
Start importing Assets/Sprites/blank.png using Guid(48097794d50a74049aa9fc188d8cbd43) Importer(815301076,1909f56bfc062723c751e8b465ee728b)  -> (artifact id: '8d9bc65d24944543c811c1e45e0406af') in 0.074591 seconds
  Import took 0.085574 seconds .

========================================================================
Received Import Request.
  Time since last request: 10.240449 seconds.
  path: Assets/Scripts
  artifactKey: Guid(0a9616ae89b886644a0012e9135773f5) Importer(815301076,1909f56bfc062723c751e8b465ee728b)
Start importing Assets/Scripts using Guid(0a9616ae89b886644a0012e9135773f5) Importer(815301076,1909f56bfc062723c751e8b465ee728b)  -> (artifact id: '365b7eedf56df68edd3c21bb2cc0cb35') in 0.037428 seconds
  Import took 0.045850 seconds .

========================================================================
Received Import Request.
  Time since last request: 15.083973 seconds.
  path: Assets/Scripts/Effects
  artifactKey: Guid(ab3449150ea8be7448c2a46e6c5d8471) Importer(815301076,1909f56bfc062723c751e8b465ee728b)
Start importing Assets/Scripts/Effects using Guid(ab3449150ea8be7448c2a46e6c5d8471) Importer(815301076,1909f56bfc062723c751e8b465ee728b)  -> (artifact id: '91c08a559e0bb2bec87ce993a1f65ac1') in 0.035138 seconds
  Import took 0.045379 seconds .

========================================================================
Received Import Request.
  Time since last request: 13.160520 seconds.
  path: Assets/Scripts/BuildInfoDisplayer.cs
  artifactKey: Guid(5198d432967348747aa340f9936843d3) Importer(815301076,1909f56bfc062723c751e8b465ee728b)
Start importing Assets/Scripts/BuildInfoDisplayer.cs using Guid(5198d432967348747aa340f9936843d3) Importer(815301076,1909f56bfc062723c751e8b465ee728b)  -> (artifact id: '465e4fb7c6b60628baa2ad7ce019e512') in 0.222375 seconds
  Import took 0.269793 seconds .

========================================================================
Received Prepare
Registering precompiled user dll's ...
Registered in 0.014505 seconds.
Begin MonoManager ReloadAssembly
Native extension for WindowsStandalone target not found
Refreshing native plugins compatible for Editor in 1.16 ms, found 1 plugins.
Preloading 0 native plugins for Editor in 0.00 ms.
Invoked RoslynAnalysisRunner static constructor.
RoslynAnalysisRunner will not be running.
RoslynAnalysisRunner has terminated.
Mono: successfully reloaded assembly
- Completed reload, in  2.324 seconds
Platform modules already initialized, skipping
Refreshing native plugins compatible for Editor in 1.08 ms, found 1 plugins.
Preloading 0 native plugins for Editor in 0.00 ms.
Unloading 2985 Unused Serialized files (Serialized files now loaded: 0)
System memory in use before: 195.2 MB.
System memory in use after: 194.8 MB.

Unloading 26 unused Assets to reduce memory usage. Loaded Objects now: 3610.
Total: 14.992000 ms (FindLiveObjects: 0.480100 ms CreateObjectMapping: 0.271500 ms MarkObjects: 13.742900 ms  DeleteObjects: 0.476600 ms)

========================================================================
Received Prepare
Registering precompiled user dll's ...
Registered in 0.004654 seconds.
Begin MonoManager ReloadAssembly
Native extension for WindowsStandalone target not found
Refreshing native plugins compatible for Editor in 1.08 ms, found 1 plugins.
Preloading 0 native plugins for Editor in 0.00 ms.
Invoked RoslynAnalysisRunner static constructor.
RoslynAnalysisRunner will not be running.
RoslynAnalysisRunner has terminated.
Mono: successfully reloaded assembly
- Completed reload, in  2.560 seconds
Platform modules already initialized, skipping
Refreshing native plugins compatible for Editor in 0.99 ms, found 1 plugins.
Preloading 0 native plugins for Editor in 0.00 ms.
Unloading 2985 Unused Serialized files (Serialized files now loaded: 0)
System memory in use before: 195.4 MB.
System memory in use after: 195.0 MB.

Unloading 26 unused Assets to reduce memory usage. Loaded Objects now: 3612.
Total: 14.837900 ms (FindLiveObjects: 0.458400 ms CreateObjectMapping: 0.222700 ms MarkObjects: 13.615800 ms  DeleteObjects: 0.539400 ms)

========================================================================
Received Prepare
Registering precompiled user dll's ...
Registered in 0.009189 seconds.
Begin MonoManager ReloadAssembly
Native extension for WindowsStandalone target not found
Refreshing native plugins compatible for Editor in 0.96 ms, found 1 plugins.
Preloading 0 native plugins for Editor in 0.00 ms.
Invoked RoslynAnalysisRunner static constructor.
RoslynAnalysisRunner will not be running.
RoslynAnalysisRunner has terminated.
Mono: successfully reloaded assembly
- Completed reload, in  2.167 seconds
Platform modules already initialized, skipping
Refreshing native plugins compatible for Editor in 0.99 ms, found 1 plugins.
Preloading 0 native plugins for Editor in 0.00 ms.
Unloading 2985 Unused Serialized files (Serialized files now loaded: 0)
System memory in use before: 194.7 MB.
System memory in use after: 194.3 MB.

Unloading 26 unused Assets to reduce memory usage. Loaded Objects now: 3614.
Total: 16.306900 ms (FindLiveObjects: 0.618700 ms CreateObjectMapping: 0.398600 ms MarkObjects: 14.488500 ms  DeleteObjects: 0.798500 ms)

========================================================================
Received Prepare
Registering precompiled user dll's ...
Registered in 0.004638 seconds.
Begin MonoManager ReloadAssembly
Native extension for WindowsStandalone target not found
Refreshing native plugins compatible for Editor in 0.81 ms, found 1 plugins.
Preloading 0 native plugins for Editor in 0.00 ms.
Invoked RoslynAnalysisRunner static constructor.
RoslynAnalysisRunner will not be running.
RoslynAnalysisRunner has terminated.
Mono: successfully reloaded assembly
- Completed reload, in  2.386 seconds
Platform modules already initialized, skipping
Refreshing native plugins compatible for Editor in 0.90 ms, found 1 plugins.
Preloading 0 native plugins for Editor in 0.00 ms.
Unloading 2985 Unused Serialized files (Serialized files now loaded: 0)
System memory in use before: 194.8 MB.
System memory in use after: 194.4 MB.

Unloading 26 unused Assets to reduce memory usage. Loaded Objects now: 3616.
Total: 17.768300 ms (FindLiveObjects: 0.502700 ms CreateObjectMapping: 0.193200 ms MarkObjects: 16.481900 ms  DeleteObjects: 0.588200 ms)

========================================================================
Received Import Request.
  Time since last request: 337.782308 seconds.
  path: Assets/Effects/shield.png
  artifactKey: Guid(1597e75220eb19e408038295e5be36b7) Importer(815301076,1909f56bfc062723c751e8b465ee728b)
Start importing Assets/Effects/shield.png using Guid(1597e75220eb19e408038295e5be36b7) Importer(815301076,1909f56bfc062723c751e8b465ee728b)  -> (artifact id: 'd60d01681a2134b2e763acae7a393624') in 0.264376 seconds
  Import took 0.276514 seconds .

========================================================================
Received Import Request.
  Time since last request: 0.000350 seconds.
  path: Assets/Effects/rotate.png
  artifactKey: Guid(47a1cf62ff81e8f418c15b0d9212b991) Importer(815301076,1909f56bfc062723c751e8b465ee728b)
Start importing Assets/Effects/rotate.png using Guid(47a1cf62ff81e8f418c15b0d9212b991) Importer(815301076,1909f56bfc062723c751e8b465ee728b)  -> (artifact id: '7367034b5f3b82e00c611054b4636477') in 0.044906 seconds
  Import took 0.054452 seconds .

========================================================================
Received Import Request.
  Time since last request: 0.000434 seconds.
  path: Assets/Effects/circle_dotted.png
  artifactKey: Guid(178d05d58a3891b4bbacc354d7d59c56) Importer(815301076,1909f56bfc062723c751e8b465ee728b)
Start importing Assets/Effects/circle_dotted.png using Guid(178d05d58a3891b4bbacc354d7d59c56) Importer(815301076,1909f56bfc062723c751e8b465ee728b)  -> (artifact id: '6a9b03bff9828c734968be7c6b5a56ad') in 0.050300 seconds
  Import took 0.078928 seconds .

========================================================================
Received Import Request.
  Time since last request: 0.000555 seconds.
  path: Assets/Effects/fireball_1.png
  artifactKey: Guid(f29bf44fad1d52f48ab0cf0ea4026435) Importer(815301076,1909f56bfc062723c751e8b465ee728b)
Start importing Assets/Effects/fireball_1.png using Guid(f29bf44fad1d52f48ab0cf0ea4026435) Importer(815301076,1909f56bfc062723c751e8b465ee728b)  -> (artifact id: '089d3b63cb3410103c1f0e2c86bf8f89') in 0.052832 seconds
  Import took 0.068676 seconds .

========================================================================
Received Import Request.
  Time since last request: 0.000363 seconds.
  path: Assets/Effects/beam_light_flashlight.png
  artifactKey: Guid(c1f69cfb1813ca14d9d829cd11667986) Importer(815301076,1909f56bfc062723c751e8b465ee728b)
Start importing Assets/Effects/beam_light_flashlight.png using Guid(c1f69cfb1813ca14d9d829cd11667986) Importer(815301076,1909f56bfc062723c751e8b465ee728b)  -> (artifact id: '32adb67f0126404f67a205ac150bc692') in 0.044039 seconds
  Import took 0.052347 seconds .

========================================================================
Received Import Request.
  Time since last request: 0.000333 seconds.
  path: Assets/Effects/lightning_static_1.png
  artifactKey: Guid(ddd75f61e20c5ee4e89b1d8713af7f17) Importer(815301076,1909f56bfc062723c751e8b465ee728b)
Start importing Assets/Effects/lightning_static_1.png using Guid(ddd75f61e20c5ee4e89b1d8713af7f17) Importer(815301076,1909f56bfc062723c751e8b465ee728b)  -> (artifact id: '054c16bd43f024b6e85f0c192be90bb7') in 0.045179 seconds
  Import took 0.057523 seconds .

========================================================================
Received Import Request.
  Time since last request: 0.000336 seconds.
  path: Assets/UI/arrow.png
  artifactKey: Guid(bee13229a81f3a64595d6362024ec8b6) Importer(815301076,1909f56bfc062723c751e8b465ee728b)
Start importing Assets/UI/arrow.png using Guid(bee13229a81f3a64595d6362024ec8b6) Importer(815301076,1909f56bfc062723c751e8b465ee728b)  -> (artifact id: 'e834837e15feaa86060f4366dd9e77fe') in 0.046662 seconds
  Import took 0.056172 seconds .

========================================================================
Received Import Request.
  Time since last request: 0.000321 seconds.
  path: Assets/Sprites/teleport_ring_fragment.svg
  artifactKey: Guid(6129d4291100f624fa02bbf1b2481cc3) Importer(815301076,1909f56bfc062723c751e8b465ee728b)
Start importing Assets/Sprites/teleport_ring_fragment.svg using Guid(6129d4291100f624fa02bbf1b2481cc3) Importer(815301076,1909f56bfc062723c751e8b465ee728b)  -> (artifact id: '7e974d0cd4ca75ed1249dcb8cc2521b6') in 0.099726 seconds
  Import took 0.110536 seconds .

========================================================================
Received Import Request.
  Time since last request: 0.000359 seconds.
  path: Assets/Effects/explosion.png
  artifactKey: Guid(c8146db2129666c4680515650486effb) Importer(815301076,1909f56bfc062723c751e8b465ee728b)
Start importing Assets/Effects/explosion.png using Guid(c8146db2129666c4680515650486effb) Importer(815301076,1909f56bfc062723c751e8b465ee728b)  -> (artifact id: 'ac11477854adbd911bad542a1bf71279') in 0.077666 seconds
  Import took 0.088470 seconds .

========================================================================
Received Import Request.
  Time since last request: 0.000575 seconds.
  path: Assets/Effects/spikes_climb.png
  artifactKey: Guid(ea60e93e33527114099d73837d667a93) Importer(815301076,1909f56bfc062723c751e8b465ee728b)
Start importing Assets/Effects/spikes_climb.png using Guid(ea60e93e33527114099d73837d667a93) Importer(815301076,1909f56bfc062723c751e8b465ee728b)  -> (artifact id: 'b289548a4159d9108879ea7ea30dc31a') in 0.080158 seconds
  Import took 0.095680 seconds .

========================================================================
Received Import Request.
  Time since last request: 3.766057 seconds.
  path: Assets/Fonts/StonicornFont.otf
  artifactKey: Guid(c0aa99dce44b4d94495f214680e92533) Importer(815301076,1909f56bfc062723c751e8b465ee728b)
Start importing Assets/Fonts/StonicornFont.otf using Guid(c0aa99dce44b4d94495f214680e92533) Importer(815301076,1909f56bfc062723c751e8b465ee728b)  -> (artifact id: '5869e86191d4355d89f2a479630bd916') in 0.195352 seconds
  Import took 0.203851 seconds .

========================================================================
Received Prepare
Registering precompiled user dll's ...
Registered in 0.004584 seconds.
Begin MonoManager ReloadAssembly
Native extension for WindowsStandalone target not found
Refreshing native plugins compatible for Editor in 0.82 ms, found 1 plugins.
Preloading 0 native plugins for Editor in 0.00 ms.
Invoked RoslynAnalysisRunner static constructor.
RoslynAnalysisRunner will not be running.
RoslynAnalysisRunner has terminated.
Mono: successfully reloaded assembly
- Completed reload, in  2.086 seconds
Platform modules already initialized, skipping
Refreshing native plugins compatible for Editor in 1.17 ms, found 1 plugins.
Preloading 0 native plugins for Editor in 0.00 ms.
Unloading 2985 Unused Serialized files (Serialized files now loaded: 0)
System memory in use before: 195.4 MB.
System memory in use after: 195.1 MB.

Unloading 26 unused Assets to reduce memory usage. Loaded Objects now: 3663.
Total: 14.368400 ms (FindLiveObjects: 0.443300 ms CreateObjectMapping: 0.334800 ms MarkObjects: 13.022100 ms  DeleteObjects: 0.552600 ms)

========================================================================
Received Import Request.
  Time since last request: 64.671547 seconds.
  path: Assets/Fonts/Work_Sans/WorkSans-Regular.ttf
  artifactKey: Guid(b3ff165b79060b14e81fc3fe92d072cb) Importer(815301076,1909f56bfc062723c751e8b465ee728b)
Start importing Assets/Fonts/Work_Sans/WorkSans-Regular.ttf using Guid(b3ff165b79060b14e81fc3fe92d072cb) Importer(815301076,1909f56bfc062723c751e8b465ee728b)  -> (artifact id: 'd7e5b168690f9dd2822b6851de07f0b0') in 0.160644 seconds
  Import took 0.176471 seconds .

========================================================================
Received Prepare
Registering precompiled user dll's ...
Registered in 0.004560 seconds.
Begin MonoManager ReloadAssembly
Native extension for WindowsStandalone target not found
Refreshing native plugins compatible for Editor in 0.89 ms, found 1 plugins.
Preloading 0 native plugins for Editor in 0.00 ms.
Invoked RoslynAnalysisRunner static constructor.
RoslynAnalysisRunner will not be running.
RoslynAnalysisRunner has terminated.
Mono: successfully reloaded assembly
- Completed reload, in  2.507 seconds
Platform modules already initialized, skipping
Refreshing native plugins compatible for Editor in 0.83 ms, found 1 plugins.
Preloading 0 native plugins for Editor in 0.00 ms.
Unloading 2985 Unused Serialized files (Serialized files now loaded: 0)
System memory in use before: 195.6 MB.
System memory in use after: 195.3 MB.

Unloading 26 unused Assets to reduce memory usage. Loaded Objects now: 3667.
Total: 15.305900 ms (FindLiveObjects: 0.698900 ms CreateObjectMapping: 0.260500 ms MarkObjects: 13.633200 ms  DeleteObjects: 0.711300 ms)

========================================================================
Received Prepare
Script is not up to date after domain reload: guid(d2d299316aa55b54aae974e7eff0bbb7) path("Assets/Ludiq/Ludiq.PeekCore/Runtime/Dependencies/OdinSerializer/Generated/Ludiq.OdinAOTSupport.dll") state(2)
Registering precompiled user dll's ...
Registered in 0.006097 seconds.
Begin MonoManager ReloadAssembly
Native extension for WindowsStandalone target not found
Refreshing native plugins compatible for Editor in 0.89 ms, found 1 plugins.
Preloading 0 native plugins for Editor in 0.00 ms.
Invoked RoslynAnalysisRunner static constructor.
RoslynAnalysisRunner will not be running.
RoslynAnalysisRunner has terminated.
Mono: successfully reloaded assembly
- Completed reload, in  4.165 seconds
Platform modules already initialized, skipping
Script is not up to date after domain reload: guid(d2d299316aa55b54aae974e7eff0bbb7) path("Assets/Ludiq/Ludiq.PeekCore/Runtime/Dependencies/OdinSerializer/Generated/Ludiq.OdinAOTSupport.dll") state(2)
Refreshing native plugins compatible for Editor in 0.84 ms, found 1 plugins.
Preloading 0 native plugins for Editor in 0.00 ms.
Unloading 2985 Unused Serialized files (Serialized files now loaded: 0)
System memory in use before: 195.8 MB.
System memory in use after: 195.5 MB.

Unloading 26 unused Assets to reduce memory usage. Loaded Objects now: 3669.
Total: 38.555100 ms (FindLiveObjects: 0.605700 ms CreateObjectMapping: 0.346000 ms MarkObjects: 36.962300 ms  DeleteObjects: 0.637600 ms)

========================================================================
Received Prepare
Registering precompiled user dll's ...
Registered in 0.012100 seconds.
Begin MonoManager ReloadAssembly
Native extension for WindowsStandalone target not found
Refreshing native plugins compatible for Editor in 1.97 ms, found 1 plugins.
Preloading 0 native plugins for Editor in 0.00 ms.
Invoked RoslynAnalysisRunner static constructor.
RoslynAnalysisRunner will not be running.
RoslynAnalysisRunner has terminated.
Mono: successfully reloaded assembly
- Completed reload, in  2.543 seconds
Platform modules already initialized, skipping
Refreshing native plugins compatible for Editor in 1.87 ms, found 1 plugins.
Preloading 0 native plugins for Editor in 0.00 ms.
Unloading 2986 Unused Serialized files (Serialized files now loaded: 0)
System memory in use before: 195.2 MB.
System memory in use after: 194.8 MB.

Unloading 27 unused Assets to reduce memory usage. Loaded Objects now: 3671.
Total: 14.683400 ms (FindLiveObjects: 0.450000 ms CreateObjectMapping: 0.213600 ms MarkObjects: 13.277400 ms  DeleteObjects: 0.740100 ms)

========================================================================
Received Import Request.
  Time since last request: 573.520003 seconds.
  path: Assets/ScriptableObjects/0 Red Teleport Range Segment 1.asset
  artifactKey: Guid(0a96e2874f60cf3498b0ec0550706c39) Importer(815301076,1909f56bfc062723c751e8b465ee728b)
Start importing Assets/ScriptableObjects/0 Red Teleport Range Segment 1.asset using Guid(0a96e2874f60cf3498b0ec0550706c39) Importer(815301076,1909f56bfc062723c751e8b465ee728b)  -> (artifact id: 'aa33bdeaa864323e096153aa5d188018') in 0.083526 seconds
  Import took 0.111363 seconds .

========================================================================
Received Import Request.
  Time since last request: 0.000327 seconds.
  path: Assets/Sounds/ForceTeleport01.mp3
  artifactKey: Guid(64801fca428cf394fa91e011dab21557) Importer(815301076,1909f56bfc062723c751e8b465ee728b)
Start importing Assets/Sounds/ForceTeleport01.mp3 using Guid(64801fca428cf394fa91e011dab21557) Importer(815301076,1909f56bfc062723c751e8b465ee728b)  -> (artifact id: '2ead1146c8e3ae7860074ee463c1708a') in 0.180144 seconds
  Import took 0.189145 seconds .

========================================================================
Received Import Request.
  Time since last request: 0.000261 seconds.
  path: Assets/Prefabs/Effects/teleport_ring_fragment Variant.prefab
  artifactKey: Guid(b9c52fd9a99b951428ca8f85171044a7) Importer(815301076,1909f56bfc062723c751e8b465ee728b)
Start importing Assets/Prefabs/Effects/teleport_ring_fragment Variant.prefab using Guid(b9c52fd9a99b951428ca8f85171044a7) Importer(815301076,1909f56bfc062723c751e8b465ee728b)  -> (artifact id: '29e2ba118865903445bad312f7ca9bc5') in 0.082995 seconds
  Import took 0.091975 seconds .

========================================================================
Received Import Request.
  Time since last request: 0.000380 seconds.
  path: Assets/Prefabs/Effects/TeleportRangeIndicator.prefab
  artifactKey: Guid(0d21f1bb5384da84bbffcddfafee829c) Importer(815301076,1909f56bfc062723c751e8b465ee728b)
Start importing Assets/Prefabs/Effects/TeleportRangeIndicator.prefab using Guid(0d21f1bb5384da84bbffcddfafee829c) Importer(815301076,1909f56bfc062723c751e8b465ee728b)  -> (artifact id: '1f4f5daecd286f87ca50141e6ad094db') in 0.043500 seconds
  Import took 0.055071 seconds .

========================================================================
Received Import Request.
  Time since last request: 0.000350 seconds.
  path: Assets/ScriptableObjects/5 Purple Teleport Range Segment.asset
  artifactKey: Guid(88f8a2873e9f5e24788c9cdbdd56de8d) Importer(815301076,1909f56bfc062723c751e8b465ee728b)
Start importing Assets/ScriptableObjects/5 Purple Teleport Range Segment.asset using Guid(88f8a2873e9f5e24788c9cdbdd56de8d) Importer(815301076,1909f56bfc062723c751e8b465ee728b)  -> (artifact id: '82fbc12217481946901ea73926cba7be') in 0.027817 seconds
  Import took 0.043908 seconds .

========================================================================
Received Import Request.
  Time since last request: 0.000386 seconds.
  path: Assets/ScriptableObjects/1 Orange Teleport Range Segment.asset
  artifactKey: Guid(bd90d5792a6ce2248ac343b6f726be08) Importer(815301076,1909f56bfc062723c751e8b465ee728b)
Start importing Assets/ScriptableObjects/1 Orange Teleport Range Segment.asset using Guid(bd90d5792a6ce2248ac343b6f726be08) Importer(815301076,1909f56bfc062723c751e8b465ee728b)  -> (artifact id: '61b93a1b62adb93f38c90e3913e20c05') in 0.024493 seconds
  Import took 0.035858 seconds .

========================================================================
Received Import Request.
  Time since last request: 0.000348 seconds.
  path: Assets/ScriptableObjects/2 Yellow Teleport Range Segment.asset
  artifactKey: Guid(142b6736c840b404386de08944e395e2) Importer(815301076,1909f56bfc062723c751e8b465ee728b)
Start importing Assets/ScriptableObjects/2 Yellow Teleport Range Segment.asset using Guid(142b6736c840b404386de08944e395e2) Importer(815301076,1909f56bfc062723c751e8b465ee728b)  -> (artifact id: 'f3b5311dd925930b0837be2fd99769d9') in 0.016658 seconds
  Import took 0.027856 seconds .

========================================================================
Received Import Request.
  Time since last request: 0.000339 seconds.
  path: Assets/Sprites/milestone-forceteleport.png
  artifactKey: Guid(fd287f6416b5f5b4d86c49d04f23505b) Importer(815301076,1909f56bfc062723c751e8b465ee728b)
Start importing Assets/Sprites/milestone-forceteleport.png using Guid(fd287f6416b5f5b4d86c49d04f23505b) Importer(815301076,1909f56bfc062723c751e8b465ee728b)  -> (artifact id: '1f913f1db1802d75f891d64f51c796ff') in 0.085362 seconds
  Import took 0.093842 seconds .

========================================================================
Received Import Request.
  Time since last request: 0.000318 seconds.
  path: Assets/ScriptableObjects/2 Yellow Teleport Range Segment.asset
  artifactKey: Guid(142b6736c840b404386de08944e395e2) Importer(815301076,1909f56bfc062723c751e8b465ee728b)
Start importing Assets/ScriptableObjects/2 Yellow Teleport Range Segment.asset using Guid(142b6736c840b404386de08944e395e2) Importer(815301076,1909f56bfc062723c751e8b465ee728b)  -> (artifact id: 'f3b5311dd925930b0837be2fd99769d9') in 0.010083 seconds
  Import took 0.017272 seconds .

========================================================================
Received Import Request.
  Time since last request: 0.000316 seconds.
  path: Assets/Sprites/teleportrangeindicator_clear.png
  artifactKey: Guid(0b4f3cff3a3bdd342b92a87b268c7adf) Importer(815301076,1909f56bfc062723c751e8b465ee728b)
Start importing Assets/Sprites/teleportrangeindicator_clear.png using Guid(0b4f3cff3a3bdd342b92a87b268c7adf) Importer(815301076,1909f56bfc062723c751e8b465ee728b)  -> (artifact id: 'c50ae1057545d1d385700067d41b5906') in 0.057493 seconds
  Import took 0.065396 seconds .

========================================================================
Received Import Request.
  Time since last request: 0.000329 seconds.
  path: Assets/ScriptableObjects/3 Green Teleport Range Segment.asset
  artifactKey: Guid(763ae31039ce5d146ba7ceacf2e1420f) Importer(815301076,1909f56bfc062723c751e8b465ee728b)
Start importing Assets/ScriptableObjects/3 Green Teleport Range Segment.asset using Guid(763ae31039ce5d146ba7ceacf2e1420f) Importer(815301076,1909f56bfc062723c751e8b465ee728b)  -> (artifact id: 'c5376fd49b24c3bf6e171f2358213b51') in 0.022969 seconds
  Import took 0.031586 seconds .

========================================================================
Received Import Request.
  Time since last request: 0.000281 seconds.
  path: Assets/Sounds/Teleport_Unavailable.mp3
  artifactKey: Guid(90ef9b97e3f00ea46933e6605e9cb380) Importer(815301076,1909f56bfc062723c751e8b465ee728b)
Start importing Assets/Sounds/Teleport_Unavailable.mp3 using Guid(90ef9b97e3f00ea46933e6605e9cb380) Importer(815301076,1909f56bfc062723c751e8b465ee728b)  -> (artifact id: 'bdfa82aa1fcc747c6c87a6b5c4798c0d') in 0.061189 seconds
  Import took 0.072102 seconds .

========================================================================
Received Import Request.
  Time since last request: 0.000372 seconds.
  path: Assets/Prefabs/teleport_range_ruler.prefab
  artifactKey: Guid(e51c729829c6c104f8c7e7ac93b890df) Importer(815301076,1909f56bfc062723c751e8b465ee728b)
Start importing Assets/Prefabs/teleport_range_ruler.prefab using Guid(e51c729829c6c104f8c7e7ac93b890df) Importer(815301076,1909f56bfc062723c751e8b465ee728b)  -> (artifact id: '826f68f9d101c13739a9bdc41538cacd') in 0.045022 seconds
  Import took 0.056245 seconds .

========================================================================
Received Import Request.
  Time since last request: 0.000449 seconds.
  path: Assets/Images/CreditScreenAssets/Storytelling.png
  artifactKey: Guid(11609468478c00c4394ed6ff824072b6) Importer(815301076,1909f56bfc062723c751e8b465ee728b)
Start importing Assets/Images/CreditScreenAssets/Storytelling.png using Guid(11609468478c00c4394ed6ff824072b6) Importer(815301076,1909f56bfc062723c751e8b465ee728b)  -> (artifact id: '6c68278070df64d868875cb8829eb20c') in 0.068199 seconds
  Import took 0.077767 seconds .

========================================================================
Received Import Request.
  Time since last request: 0.000296 seconds.
  path: Assets/Sounds/Teleport01.mp3
  artifactKey: Guid(0fbbbdd9ab03a32448f404022b5749f4) Importer(815301076,1909f56bfc062723c751e8b465ee728b)
Start importing Assets/Sounds/Teleport01.mp3 using Guid(0fbbbdd9ab03a32448f404022b5749f4) Importer(815301076,1909f56bfc062723c751e8b465ee728b)  -> (artifact id: '983a2c204156be298273333f3a6ed1c4') in 0.055155 seconds
  Import took 0.064941 seconds .

========================================================================
Received Import Request.
  Time since last request: 0.000372 seconds.
  path: Assets/ScriptableObjects/4 Blue Teleport Range Segment.asset
  artifactKey: Guid(1402f0d20ef5d8e4b99fd7da54e88abf) Importer(815301076,1909f56bfc062723c751e8b465ee728b)
Start importing Assets/ScriptableObjects/4 Blue Teleport Range Segment.asset using Guid(1402f0d20ef5d8e4b99fd7da54e88abf) Importer(815301076,1909f56bfc062723c751e8b465ee728b)  -> (artifact id: 'c95ddf4f8e893a38a699cb392e0852db') in 0.013716 seconds
  Import took 0.023732 seconds .

========================================================================
Received Import Request.
  Time since last request: 0.000677 seconds.
  path: Assets/Images/CreditScreenAssets/Storytelling.svg
  artifactKey: Guid(2fd1e423551aa1649b8cbbf88249c05c) Importer(815301076,1909f56bfc062723c751e8b465ee728b)
Start importing Assets/Images/CreditScreenAssets/Storytelling.svg using Guid(2fd1e423551aa1649b8cbbf88249c05c) Importer(815301076,1909f56bfc062723c751e8b465ee728b)  -> (artifact id: '6fc5ad198aeed21440663aaea549fc98') in 0.078998 seconds
  Import took 0.126206 seconds .

========================================================================
Received Import Request.
  Time since last request: 0.440843 seconds.
  path: Assets/Prefabs/Effects/TeleportRangeUpdater.prefab
  artifactKey: Guid(a63b08a5a12d70c498fba9c9996e07da) Importer(815301076,1909f56bfc062723c751e8b465ee728b)
Start importing Assets/Prefabs/Effects/TeleportRangeUpdater.prefab using Guid(a63b08a5a12d70c498fba9c9996e07da) Importer(815301076,1909f56bfc062723c751e8b465ee728b)  -> (artifact id: '50c0179771eef53c5f0f3b12f1a668a6') in 0.018817 seconds
  Import took 0.026998 seconds .

========================================================================
Received Import Request.
  Time since last request: 4.966146 seconds.
  path: Assets/Prefabs/Effects/TeleportShortcut Force Wave.prefab
  artifactKey: Guid(848951c958e889444a9d8e68164981cf) Importer(815301076,1909f56bfc062723c751e8b465ee728b)
Start importing Assets/Prefabs/Effects/TeleportShortcut Force Wave.prefab using Guid(848951c958e889444a9d8e68164981cf) Importer(815301076,1909f56bfc062723c751e8b465ee728b)  -> (artifact id: 'ad2b46332c206182cd89bb77ddb6168d') in 0.016866 seconds
  Import took 0.027276 seconds .

========================================================================
Received Import Request.
  Time since last request: 0.000486 seconds.
  path: Assets/Prefabs/Effects/teleportstar.prefab
  artifactKey: Guid(84842629c9b04df48a7cd79dca5c22e9) Importer(815301076,1909f56bfc062723c751e8b465ee728b)
Start importing Assets/Prefabs/Effects/teleportstar.prefab using Guid(84842629c9b04df48a7cd79dca5c22e9) Importer(815301076,1909f56bfc062723c751e8b465ee728b)  -> (artifact id: 'cc1a0f86ccfce028c087bdc71db18f75') in 0.051118 seconds
  Import took 0.062503 seconds .

========================================================================
Received Import Request.
  Time since last request: 0.837734 seconds.
  path: Assets/Prefabs/Effects/teleportstreak.prefab
  artifactKey: Guid(a76ac723dbf060e4fae65f29bcb058d9) Importer(815301076,1909f56bfc062723c751e8b465ee728b)
Start importing Assets/Prefabs/Effects/teleportstreak.prefab using Guid(a76ac723dbf060e4fae65f29bcb058d9) Importer(815301076,1909f56bfc062723c751e8b465ee728b)  -> (artifact id: '9d2f3674d3ce419c25f2b3458bb09260') in 0.036867 seconds
  Import took 0.048566 seconds .

========================================================================
Received Import Request.
  Time since last request: 5.746501 seconds.
  path: Assets/Scripts/Effects/TeleportRangeIndicatorUpdater.cs
  artifactKey: Guid(abb2a4b3c4e975c4fb4126386974d0d6) Importer(815301076,1909f56bfc062723c751e8b465ee728b)
Start importing Assets/Scripts/Effects/TeleportRangeIndicatorUpdater.cs using Guid(abb2a4b3c4e975c4fb4126386974d0d6) Importer(815301076,1909f56bfc062723c751e8b465ee728b)  -> (artifact id: '6f24a4a55d768be557ac9df2c4ac232d') in 0.016770 seconds
  Import took 0.024147 seconds .

========================================================================
Received Import Request.
  Time since last request: 0.035113 seconds.
  path: Assets/Scripts/Effects/TeleportRangeIndicatorUpdater.cs
  artifactKey: Guid(abb2a4b3c4e975c4fb4126386974d0d6) Importer(815301076,1909f56bfc062723c751e8b465ee728b)
Start importing Assets/Scripts/Effects/TeleportRangeIndicatorUpdater.cs using Guid(abb2a4b3c4e975c4fb4126386974d0d6) Importer(815301076,1909f56bfc062723c751e8b465ee728b)  -> (artifact id: '6f24a4a55d768be557ac9df2c4ac232d') in 0.009321 seconds
  Import took 0.017953 seconds .

========================================================================
Received Import Request.
  Time since last request: 1.970904 seconds.
  path: Assets/Scripts/Effects/TeleportRangeUpdater.cs
  artifactKey: Guid(fc55f25217ef22547aba95015c7ad1fb) Importer(815301076,1909f56bfc062723c751e8b465ee728b)
Start importing Assets/Scripts/Effects/TeleportRangeUpdater.cs using Guid(fc55f25217ef22547aba95015c7ad1fb) Importer(815301076,1909f56bfc062723c751e8b465ee728b)  -> (artifact id: '49e697305f4171e9715e7180f719aab2') in 0.008790 seconds
  Import took 0.018775 seconds .

========================================================================
Received Import Request.
  Time since last request: 1.202212 seconds.
  path: Assets/Scripts/Effects/TeleportRangeSegment.cs
  artifactKey: Guid(5e63b9723e0a7064293aea14b5c3675d) Importer(815301076,1909f56bfc062723c751e8b465ee728b)
Start importing Assets/Scripts/Effects/TeleportRangeSegment.cs using Guid(5e63b9723e0a7064293aea14b5c3675d) Importer(815301076,1909f56bfc062723c751e8b465ee728b)  -> (artifact id: '17d03f348d94a7112f8c4a08fd1d05f9') in 0.019269 seconds
  Import took 0.028769 seconds .

========================================================================
Received Prepare
Registering precompiled user dll's ...
Registered in 0.008839 seconds.
Begin MonoManager ReloadAssembly
Native extension for WindowsStandalone target not found
Refreshing native plugins compatible for Editor in 1.61 ms, found 1 plugins.
Preloading 0 native plugins for Editor in 0.00 ms.
Invoked RoslynAnalysisRunner static constructor.
RoslynAnalysisRunner will not be running.
RoslynAnalysisRunner has terminated.
Mono: successfully reloaded assembly
- Completed reload, in  3.477 seconds
Platform modules already initialized, skipping
Refreshing native plugins compatible for Editor in 1.39 ms, found 1 plugins.
Preloading 0 native plugins for Editor in 0.00 ms.
Unloading 2986 Unused Serialized files (Serialized files now loaded: 0)
System memory in use before: 195.4 MB.
System memory in use after: 195.1 MB.

Unloading 27 unused Assets to reduce memory usage. Loaded Objects now: 3681.
Total: 16.093200 ms (FindLiveObjects: 0.478500 ms CreateObjectMapping: 0.268200 ms MarkObjects: 14.812700 ms  DeleteObjects: 0.531600 ms)

